# JRE version: OpenJDK Runtime Environment (8.0_76-b03) (build 1.8.0_76-release-b03)
# Java VM: OpenJDK 64-Bit Server VM (25.76-b03 mixed mode linux-amd64 compressed oops)
Heap:
 PSYoungGen      total 359424K, used 25579K [0x00000000e0000000, 0x00000000f7800000, 0x0000000100000000)
  eden space 333824K, 0% used [0x00000000e0000000,0x00000000e0000000,0x00000000f4600000)
  from space 25600K, 99% used [0x00000000f4600000,0x00000000f5efad10,0x00000000f5f00000)
  to   space 8704K, 0% used [0x00000000f6f80000,0x00000000f6f80000,0x00000000f7800000)
 ParOldGen       total 200704K, used 51476K [0x00000000a0000000, 0x00000000ac400000, 0x00000000e0000000)
  object space 200704K, 25% used [0x00000000a0000000,0x00000000a3245068,0x00000000ac400000)
 Metaspace       used 61768K, capacity 63496K, committed 63744K, reserved 1103872K
  class space    used 8034K, capacity 8426K, committed 8448K, reserved 1048576K
GC Heap History (10 events):
Event: 10.187 GC heap after
Heap after GC invocations=9 (full 2):
 PSYoungGen      total 190976K, used 12288K [0x00000000e0000000, 0x00000000f2f00000, 0x0000000100000000)
  eden space 178688K, 0% used [0x00000000e0000000,0x00000000e0000000,0x00000000eae80000)
  from space 12288K, 100% used [0x00000000eae80000,0x00000000eba80000,0x00000000eba80000)
  to   space 17408K, 0% used [0x00000000f1e00000,0x00000000f1e00000,0x00000000f2f00000)
 ParOldGen       total 135168K, used 23224K [0x00000000a0000000, 0x00000000a8400000, 0x00000000e0000000)
  object space 135168K, 17% used [0x00000000a0000000,0x00000000a16ae3c8,0x00000000a8400000)
 Metaspace       used 47387K, capacity 48644K, committed 48768K, reserved 1091584K
  class space    used 6425K, capacity 6716K, committed 6784K, reserved 1048576K
}
Event: 11.179 GC heap before
{Heap before GC invocations=10 (full 2):
 PSYoungGen      total 190976K, used 190976K [0x00000000e0000000, 0x00000000f2f00000, 0x0000000100000000)
  eden space 178688K, 100% used [0x00000000e0000000,0x00000000eae80000,0x00000000eae80000)
  from space 12288K, 100% used [0x00000000eae80000,0x00000000eba80000,0x00000000eba80000)
  to   space 17408K, 0% used [0x00000000f1e00000,0x00000000f1e00000,0x00000000f2f00000)
 ParOldGen       total 135168K, used 23224K [0x00000000a0000000, 0x00000000a8400000, 0x00000000e0000000)
  object space 135168K, 17% used [0x00000000a0000000,0x00000000a16ae3c8,0x00000000a8400000)
 Metaspace       used 50463K, capacity 51848K, committed 51968K, reserved 1093632K
  class space    used 6734K, capacity 7064K, committed 7168K, reserved 1048576K
Event: 11.195 GC heap after
Heap after GC invocations=10 (full 2):
 PSYoungGen      total 288256K, used 17384K [0x00000000e0000000, 0x00000000f3700000, 0x0000000100000000)
  eden space 270848K, 0% used [0x00000000e0000000,0x00000000e0000000,0x00000000f0880000)
  from space 17408K, 99% used [0x00000000f1e00000,0x00000000f2efa0f0,0x00000000f2f00000)
  to   space 22016K, 0% used [0x00000000f0880000,0x00000000f0880000,0x00000000f1e00000)
 ParOldGen       total 135168K, used 28639K [0x00000000a0000000, 0x00000000a8400000, 0x00000000e0000000)
  object space 135168K, 21% used [0x00000000a0000000,0x00000000a1bf7f98,0x00000000a8400000)
 Metaspace       used 50463K, capacity 51848K, committed 51968K, reserved 1093632K
  class space    used 6734K, capacity 7064K, committed 7168K, reserved 1048576K
}
Event: 13.606 GC heap before
{Heap before GC invocations=11 (full 2):
 PSYoungGen      total 288256K, used 185391K [0x00000000e0000000, 0x00000000f3700000, 0x0000000100000000)
  eden space 270848K, 62% used [0x00000000e0000000,0x00000000ea411e30,0x00000000f0880000)
  from space 17408K, 99% used [0x00000000f1e00000,0x00000000f2efa0f0,0x00000000f2f00000)
  to   space 22016K, 0% used [0x00000000f0880000,0x00000000f0880000,0x00000000f1e00000)
 ParOldGen       total 135168K, used 28639K [0x00000000a0000000, 0x00000000a8400000, 0x00000000e0000000)
  object space 135168K, 21% used [0x00000000a0000000,0x00000000a1bf7f98,0x00000000a8400000)
 Metaspace       used 57410K, capacity 58942K, committed 59136K, reserved 1099776K
  class space    used 7591K, capacity 7931K, committed 7936K, reserved 1048576K
Event: 13.620 GC heap after
Heap after GC invocations=11 (full 2):
 PSYoungGen      total 292864K, used 22000K [0x00000000e0000000, 0x00000000f8880000, 0x0000000100000000)
  eden space 270848K, 0% used [0x00000000e0000000,0x00000000e0000000,0x00000000f0880000)
  from space 22016K, 99% used [0x00000000f0880000,0x00000000f1dfc3b8,0x00000000f1e00000)
  to   space 25600K, 0% used [0x00000000f6f80000,0x00000000f6f80000,0x00000000f8880000)
 ParOldGen       total 135168K, used 30176K [0x00000000a0000000, 0x00000000a8400000, 0x00000000e0000000)
  object space 135168K, 22% used [0x00000000a0000000,0x00000000a1d78218,0x00000000a8400000)
 Metaspace       used 57410K, capacity 58942K, committed 59136K, reserved 1099776K
  class space    used 7591K, capacity 7931K, committed 7936K, reserved 1048576K
}
Event: 13.620 GC heap before
{Heap before GC invocations=12 (full 3):
 PSYoungGen      total 292864K, used 22000K [0x00000000e0000000, 0x00000000f8880000, 0x0000000100000000)
  eden space 270848K, 0% used [0x00000000e0000000,0x00000000e0000000,0x00000000f0880000)
  from space 22016K, 99% used [0x00000000f0880000,0x00000000f1dfc3b8,0x00000000f1e00000)
  to   space 25600K, 0% used [0x00000000f6f80000,0x00000000f6f80000,0x00000000f8880000)
 ParOldGen       total 135168K, used 30176K [0x00000000a0000000, 0x00000000a8400000, 0x00000000e0000000)
  object space 135168K, 22% used [0x00000000a0000000,0x00000000a1d78218,0x00000000a8400000)
 Metaspace       used 57410K, capacity 58942K, committed 59136K, reserved 1099776K
  class space    used 7591K, capacity 7931K, committed 7936K, reserved 1048576K
Event: 13.792 GC heap after
Heap after GC invocations=12 (full 3):
 PSYoungGen      total 292864K, used 0K [0x00000000e0000000, 0x00000000f8880000, 0x0000000100000000)
  eden space 270848K, 0% used [0x00000000e0000000,0x00000000e0000000,0x00000000f0880000)
  from space 22016K, 0% used [0x00000000f0880000,0x00000000f0880000,0x00000000f1e00000)
  to   space 25600K, 0% used [0x00000000f6f80000,0x00000000f6f80000,0x00000000f8880000)
 ParOldGen       total 200704K, used 35950K [0x00000000a0000000, 0x00000000ac400000, 0x00000000e0000000)
  object space 200704K, 17% used [0x00000000a0000000,0x00000000a231b9d0,0x00000000ac400000)
 Metaspace       used 57396K, capacity 58908K, committed 59136K, reserved 1099776K
  class space    used 7587K, capacity 7922K, committed 7936K, reserved 1048576K
}
Event: 14.513 GC heap before
{Heap before GC invocations=13 (full 3):
 PSYoungGen      total 292864K, used 270848K [0x00000000e0000000, 0x00000000f8880000, 0x0000000100000000)
  eden space 270848K, 100% used [0x00000000e0000000,0x00000000f0880000,0x00000000f0880000)
  from space 22016K, 0% used [0x00000000f0880000,0x00000000f0880000,0x00000000f1e00000)
  to   space 25600K, 0% used [0x00000000f6f80000,0x00000000f6f80000,0x00000000f8880000)
 ParOldGen       total 200704K, used 35950K [0x00000000a0000000, 0x00000000ac400000, 0x00000000e0000000)
  object space 200704K, 17% used [0x00000000a0000000,0x00000000a231b9d0,0x00000000ac400000)
 Metaspace       used 60478K, capacity 62246K, committed 62464K, reserved 1103872K
  class space    used 7953K, capacity 8329K, committed 8448K, reserved 1048576K
Event: 14.521 GC heap after
Heap after GC invocations=13 (full 3):
 PSYoungGen      total 342528K, used 6782K [0x00000000e0000000, 0x00000000f7800000, 0x0000000100000000)
  eden space 333824K, 0% used [0x00000000e0000000,0x00000000e0000000,0x00000000f4600000)
  from space 8704K, 77% used [0x00000000f6f80000,0x00000000f761f908,0x00000000f7800000)
  to   space 25600K, 0% used [0x00000000f4600000,0x00000000f4600000,0x00000000f5f00000)
 ParOldGen       total 200704K, used 35958K [0x00000000a0000000, 0x00000000ac400000, 0x00000000e0000000)
  object space 200704K, 17% used [0x00000000a0000000,0x00000000a231d9d0,0x00000000ac400000)
 Metaspace       used 60478K, capacity 62246K, committed 62464K, reserved 1103872K
  class space    used 7953K, capacity 8329K, committed 8448K, reserved 1048576K
}
Event: 15.648 GC heap before
{Heap before GC invocations=14 (full 3):
 PSYoungGen      total 342528K, used 340606K [0x00000000e0000000, 0x00000000f7800000, 0x0000000100000000)
  eden space 333824K, 100% used [0x00000000e0000000,0x00000000f4600000,0x00000000f4600000)
  from space 8704K, 77% used [0x00000000f6f80000,0x00000000f761f908,0x00000000f7800000)
  to   space 25600K, 0% used [0x00000000f4600000,0x00000000f4600000,0x00000000f5f00000)
 ParOldGen       total 200704K, used 35958K [0x00000000a0000000, 0x00000000ac400000, 0x00000000e0000000)
  object space 200704K, 17% used [0x00000000a0000000,0x00000000a231d9d0,0x00000000ac400000)
 Metaspace       used 61768K, capacity 63496K, committed 63744K, reserved 1103872K
  class space    used 8034K, capacity 8426K, committed 8448K, reserved 1048576K

