# JRE version: OpenJDK Runtime Environment (8.0_76-b03) (build 1.8.0_76-release-b03)
# Java VM: OpenJDK 64-Bit Server VM (25.76-b03 mixed mode linux-amd64 compressed oops)
Heap:
 PSYoungGen      total 327680K, used 48621K [0x00000000e0000000, 0x00000000f8b00000, 0x0000000100000000)
  eden space 279040K, 0% used [0x00000000e0000000,0x00000000e0000000,0x00000000f1080000)
  from space 48640K, 99% used [0x00000000f5b80000,0x00000000f8afb768,0x00000000f8b00000)
  to   space 36864K, 0% used [0x00000000f1080000,0x00000000f1080000,0x00000000f3480000)
 ParOldGen       total 264704K, used 88781K [0x00000000a0000000, 0x00000000b0280000, 0x00000000e0000000)
  object space 264704K, 33% used [0x00000000a0000000,0x00000000a56b3488,0x00000000b0280000)
 Metaspace       used 74728K, capacity 77468K, committed 77568K, reserved 1116160K
  class space    used 9625K, capacity 10233K, committed 10240K, reserved 1048576K
GC Heap History (10 events):
Event: 2546.476 GC heap after
Heap after GC invocations=13 (full 4):
 PSYoungGen      total 259072K, used 17308K [0x00000000e0000000, 0x00000000f7600000, 0x0000000100000000)
  eden space 241664K, 0% used [0x00000000e0000000,0x00000000e0000000,0x00000000eec00000)
  from space 17408K, 99% used [0x00000000f4180000,0x00000000f52670a0,0x00000000f5280000)
  to   space 30720K, 0% used [0x00000000f5800000,0x00000000f5800000,0x00000000f7600000)
 ParOldGen       total 264704K, used 43573K [0x00000000a0000000, 0x00000000b0280000, 0x00000000e0000000)
  object space 264704K, 16% used [0x00000000a0000000,0x00000000a2a8d6c8,0x00000000b0280000)
 Metaspace       used 64384K, capacity 66838K, committed 66944K, reserved 1107968K
  class space    used 8505K, capacity 9034K, committed 9088K, reserved 1048576K
}
Event: 2550.097 GC heap before
{Heap before GC invocations=14 (full 4):
 PSYoungGen      total 259072K, used 258972K [0x00000000e0000000, 0x00000000f7600000, 0x0000000100000000)
  eden space 241664K, 100% used [0x00000000e0000000,0x00000000eec00000,0x00000000eec00000)
  from space 17408K, 99% used [0x00000000f4180000,0x00000000f52670a0,0x00000000f5280000)
  to   space 30720K, 0% used [0x00000000f5800000,0x00000000f5800000,0x00000000f7600000)
 ParOldGen       total 264704K, used 43573K [0x00000000a0000000, 0x00000000b0280000, 0x00000000e0000000)
  object space 264704K, 16% used [0x00000000a0000000,0x00000000a2a8d6c8,0x00000000b0280000)
 Metaspace       used 69616K, capacity 72152K, committed 72448K, reserved 1112064K
  class space    used 9119K, capacity 9685K, committed 9728K, reserved 1048576K
Event: 2550.114 GC heap after
Heap after GC invocations=14 (full 4):
 PSYoungGen      total 251392K, used 15659K [0x00000000e0000000, 0x00000000f6780000, 0x0000000100000000)
  eden space 235520K, 0% used [0x00000000e0000000,0x00000000e0000000,0x00000000ee600000)
  from space 15872K, 98% used [0x00000000f5800000,0x00000000f674ac70,0x00000000f6780000)
  to   space 29696K, 0% used [0x00000000f2d80000,0x00000000f2d80000,0x00000000f4a80000)
 ParOldGen       total 264704K, used 43589K [0x00000000a0000000, 0x00000000b0280000, 0x00000000e0000000)
  object space 264704K, 16% used [0x00000000a0000000,0x00000000a2a916c8,0x00000000b0280000)
 Metaspace       used 69616K, capacity 72152K, committed 72448K, reserved 1112064K
  class space    used 9119K, capacity 9685K, committed 9728K, reserved 1048576K
}
Event: 2551.693 GC heap before
{Heap before GC invocations=15 (full 4):
 PSYoungGen      total 251392K, used 251179K [0x00000000e0000000, 0x00000000f6780000, 0x0000000100000000)
  eden space 235520K, 100% used [0x00000000e0000000,0x00000000ee600000,0x00000000ee600000)
  from space 15872K, 98% used [0x00000000f5800000,0x00000000f674ac70,0x00000000f6780000)
  to   space 29696K, 0% used [0x00000000f2d80000,0x00000000f2d80000,0x00000000f4a80000)
 ParOldGen       total 264704K, used 43589K [0x00000000a0000000, 0x00000000b0280000, 0x00000000e0000000)
  object space 264704K, 16% used [0x00000000a0000000,0x00000000a2a916c8,0x00000000b0280000)
 Metaspace       used 71111K, capacity 73748K, committed 73984K, reserved 1114112K
  class space    used 9317K, capacity 9894K, committed 9984K, reserved 1048576K
Event: 2551.702 GC heap after
Heap after GC invocations=15 (full 4):
 PSYoungGen      total 243200K, used 13587K [0x00000000e0000000, 0x00000000f5880000, 0x0000000100000000)
  eden space 229376K, 0% used [0x00000000e0000000,0x00000000e0000000,0x00000000ee000000)
  from space 13824K, 98% used [0x00000000f2d80000,0x00000000f3ac4fe8,0x00000000f3b00000)
  to   space 28160K, 0% used [0x00000000f3d00000,0x00000000f3d00000,0x00000000f5880000)
 ParOldGen       total 264704K, used 43597K [0x00000000a0000000, 0x00000000b0280000, 0x00000000e0000000)
  object space 264704K, 16% used [0x00000000a0000000,0x00000000a2a936c8,0x00000000b0280000)
 Metaspace       used 71111K, capacity 73748K, committed 73984K, reserved 1114112K
  class space    used 9317K, capacity 9894K, committed 9984K, reserved 1048576K
}
Event: 2552.909 GC heap before
{Heap before GC invocations=16 (full 4):
 PSYoungGen      total 243200K, used 242963K [0x00000000e0000000, 0x00000000f5880000, 0x0000000100000000)
  eden space 229376K, 100% used [0x00000000e0000000,0x00000000ee000000,0x00000000ee000000)
  from space 13824K, 98% used [0x00000000f2d80000,0x00000000f3ac4fe8,0x00000000f3b00000)
  to   space 28160K, 0% used [0x00000000f3d00000,0x00000000f3d00000,0x00000000f5880000)
 ParOldGen       total 264704K, used 43597K [0x00000000a0000000, 0x00000000b0280000, 0x00000000e0000000)
  object space 264704K, 16% used [0x00000000a0000000,0x00000000a2a936c8,0x00000000b0280000)
 Metaspace       used 74066K, capacity 76826K, committed 77056K, reserved 1116160K
  class space    used 9603K, capacity 10232K, committed 10240K, reserved 1048576K
Event: 2552.932 GC heap after
Heap after GC invocations=16 (full 4):
 PSYoungGen      total 251392K, used 28158K [0x00000000e0000000, 0x00000000f5880000, 0x0000000100000000)
  eden space 223232K, 0% used [0x00000000e0000000,0x00000000e0000000,0x00000000eda00000)
  from space 28160K, 99% used [0x00000000f3d00000,0x00000000f587f870,0x00000000f5880000)
  to   space 36864K, 0% used [0x00000000f1080000,0x00000000f1080000,0x00000000f3480000)
 ParOldGen       total 264704K, used 57163K [0x00000000a0000000, 0x00000000b0280000, 0x00000000e0000000)
  object space 264704K, 21% used [0x00000000a0000000,0x00000000a37d2e18,0x00000000b0280000)
 Metaspace       used 74066K, capacity 76826K, committed 77056K, reserved 1116160K
  class space    used 9603K, capacity 10232K, committed 10240K, reserved 1048576K
}
Event: 2553.445 GC heap before
{Heap before GC invocations=17 (full 4):
 PSYoungGen      total 251392K, used 251390K [0x00000000e0000000, 0x00000000f5880000, 0x0000000100000000)
  eden space 223232K, 100% used [0x00000000e0000000,0x00000000eda00000,0x00000000eda00000)
  from space 28160K, 99% used [0x00000000f3d00000,0x00000000f587f870,0x00000000f5880000)
  to   space 36864K, 0% used [0x00000000f1080000,0x00000000f1080000,0x00000000f3480000)
 ParOldGen       total 264704K, used 57163K [0x00000000a0000000, 0x00000000b0280000, 0x00000000e0000000)
  object space 264704K, 21% used [0x00000000a0000000,0x00000000a37d2e18,0x00000000b0280000)
 Metaspace       used 74388K, capacity 77148K, committed 77312K, reserved 1116160K
  class space    used 9622K, capacity 10233K, committed 10240K, reserved 1048576K
Event: 2553.494 GC heap after
Heap after GC invocations=17 (full 4):
 PSYoungGen      total 315904K, used 36858K [0x00000000e0000000, 0x00000000f8b00000, 0x0000000100000000)
  eden space 279040K, 0% used [0x00000000e0000000,0x00000000e0000000,0x00000000f1080000)
  from space 36864K, 99% used [0x00000000f1080000,0x00000000f347e9a8,0x00000000f3480000)
  to   space 48640K, 0% used [0x00000000f5b80000,0x00000000f5b80000,0x00000000f8b00000)
 ParOldGen       total 264704K, used 73846K [0x00000000a0000000, 0x00000000b0280000, 0x00000000e0000000)
  object space 264704K, 27% used [0x00000000a0000000,0x00000000a481db18,0x00000000b0280000)
 Metaspace       used 74388K, capacity 77148K, committed 77312K, reserved 1116160K
  class space    used 9622K, capacity 10233K, committed 10240K, reserved 1048576K
}
Event: 2554.161 GC heap before
{Heap before GC invocations=18 (full 4):
 PSYoungGen      total 315904K, used 315898K [0x00000000e0000000, 0x00000000f8b00000, 0x0000000100000000)
  eden space 279040K, 100% used [0x00000000e0000000,0x00000000f1080000,0x00000000f1080000)
  from space 36864K, 99% used [0x00000000f1080000,0x00000000f347e9a8,0x00000000f3480000)
  to   space 48640K, 0% used [0x00000000f5b80000,0x00000000f5b80000,0x00000000f8b00000)
 ParOldGen       total 264704K, used 73846K [0x00000000a0000000, 0x00000000b0280000, 0x00000000e0000000)
  object space 264704K, 27% used [0x00000000a0000000,0x00000000a481db18,0x00000000b0280000)
 Metaspace       used 74728K, capacity 77468K, committed 77568K, reserved 1116160K
  class space    used 9625K, capacity 10233K, committed 10240K, reserved 1048576K

